2025-02-20 11:23:48.560961: I tensorflow/core/platform/cpu_feature_guard.cc:182] This TensorFlow binary is optimized to use available CPU instructions in performance-critical operations.
To enable the following instructions: AVX2 AVX512F FMA, in other operations, rebuild TensorFlow with the appropriate compiler flags.
2025-02-20 11:23:49.476969: W tensorflow/compiler/tf2tensorrt/utils/py_utils.cc:38] TF-TRT Warning: Could not find TensorRT
2025-02-20 11:23:51.804554: I tensorflow/core/common_runtime/gpu/gpu_device.cc:1635] Created device /job:localhost/replica:0/task:0/device:GPU:0 with 14784 MB memory:  -> device: 0, name: Tesla V100-SXM2-16GB, pci bus id: 0000:61:00.0, compute capability: 7.0
2025-02-20 11:23:51.805216: I tensorflow/core/common_runtime/gpu/gpu_device.cc:1635] Created device /job:localhost/replica:0/task:0/device:GPU:1 with 14784 MB memory:  -> device: 1, name: Tesla V100-SXM2-16GB, pci bus id: 0000:62:00.0, compute capability: 7.0
2025-02-20 11:23:51.805760: I tensorflow/core/common_runtime/gpu/gpu_device.cc:1635] Created device /job:localhost/replica:0/task:0/device:GPU:2 with 14784 MB memory:  -> device: 2, name: Tesla V100-SXM2-16GB, pci bus id: 0000:89:00.0, compute capability: 7.0
2025-02-20 11:23:51.806266: I tensorflow/core/common_runtime/gpu/gpu_device.cc:1635] Created device /job:localhost/replica:0/task:0/device:GPU:3 with 14784 MB memory:  -> device: 3, name: Tesla V100-SXM2-16GB, pci bus id: 0000:8a:00.0, compute capability: 7.0
2025-02-20 11:23:53.696771: I tensorflow/tsl/profiler/lib/profiler_session.cc:104] Profiler session initializing.
2025-02-20 11:23:53.696799: I tensorflow/tsl/profiler/lib/profiler_session.cc:119] Profiler session started.
2025-02-20 11:23:53.696866: I tensorflow/compiler/xla/backends/profiler/gpu/cupti_tracer.cc:1679] Profiler found 4 GPUs
2025-02-20 11:23:53.765636: I tensorflow/tsl/profiler/lib/profiler_session.cc:131] Profiler session tear down.
2025-02-20 11:23:53.765787: I tensorflow/compiler/xla/backends/profiler/gpu/cupti_tracer.cc:1813] CUPTI activity buffer flushed
2025-02-20 11:23:53.796262: I tensorflow/core/common_runtime/executor.cc:1197] [/device:CPU:0] (DEBUG INFO) Executor start aborting (this does not indicate an error and you can ignore this message): INVALID_ARGUMENT: You must feed a value for placeholder tensor 'Placeholder/_0' with dtype string and shape [5]
	 [[{{node Placeholder/_0}}]]
2025-02-20 11:23:53.796746: I tensorflow/core/common_runtime/executor.cc:1197] [/device:CPU:0] (DEBUG INFO) Executor start aborting (this does not indicate an error and you can ignore this message): INVALID_ARGUMENT: You must feed a value for placeholder tensor 'Placeholder/_0' with dtype string and shape [5]
	 [[{{node Placeholder/_0}}]]
2025-02-20 11:23:53.828230: I tensorflow/core/common_runtime/executor.cc:1197] [/device:CPU:0] (DEBUG INFO) Executor start aborting (this does not indicate an error and you can ignore this message): INVALID_ARGUMENT: You must feed a value for placeholder tensor 'Placeholder/_0' with dtype string and shape [5]
	 [[{{node Placeholder/_0}}]]
2025-02-20 11:23:53.828700: I tensorflow/core/common_runtime/executor.cc:1197] [/device:CPU:0] (DEBUG INFO) Executor start aborting (this does not indicate an error and you can ignore this message): INVALID_ARGUMENT: You must feed a value for placeholder tensor 'Placeholder/_0' with dtype string and shape [5]
	 [[{{node Placeholder/_0}}]]
2025-02-20 11:24:25.439751: I tensorflow/compiler/xla/stream_executor/cuda/cuda_dnn.cc:424] Loaded cuDNN version 8902
2025-02-20 11:24:25.569069: I tensorflow/compiler/xla/stream_executor/cuda/cuda_dnn.cc:424] Loaded cuDNN version 8902
2025-02-20 11:24:25.630402: I tensorflow/compiler/xla/stream_executor/cuda/cuda_dnn.cc:424] Loaded cuDNN version 8902
2025-02-20 11:24:25.700220: I tensorflow/compiler/xla/stream_executor/cuda/cuda_dnn.cc:424] Loaded cuDNN version 8902
2025-02-20 11:24:28.358109: I tensorflow/compiler/xla/service/service.cc:169] XLA service 0x2abbd84b36b0 initialized for platform CUDA (this does not guarantee that XLA will be used). Devices:
2025-02-20 11:24:28.358148: I tensorflow/compiler/xla/service/service.cc:177]   StreamExecutor device (0): Tesla V100-SXM2-16GB, Compute Capability 7.0
2025-02-20 11:24:28.358155: I tensorflow/compiler/xla/service/service.cc:177]   StreamExecutor device (1): Tesla V100-SXM2-16GB, Compute Capability 7.0
2025-02-20 11:24:28.358177: I tensorflow/compiler/xla/service/service.cc:177]   StreamExecutor device (2): Tesla V100-SXM2-16GB, Compute Capability 7.0
2025-02-20 11:24:28.358183: I tensorflow/compiler/xla/service/service.cc:177]   StreamExecutor device (3): Tesla V100-SXM2-16GB, Compute Capability 7.0
2025-02-20 11:24:28.363694: I tensorflow/compiler/mlir/tensorflow/utils/dump_mlir_util.cc:269] disabling MLIR crash reproducer, set env var `MLIR_CRASH_REPRODUCER_DIRECTORY` to enable.
2025-02-20 11:24:28.661790: I ./tensorflow/compiler/jit/device_compiler.h:180] Compiled cluster using XLA!  This line is logged at most once for the lifetime of the process.
2025-02-20 11:25:19.374718: I tensorflow/core/common_runtime/executor.cc:1197] [/device:CPU:0] (DEBUG INFO) Executor start aborting (this does not indicate an error and you can ignore this message): INVALID_ARGUMENT: You must feed a value for placeholder tensor 'Placeholder/_0' with dtype string and shape [5]
	 [[{{node Placeholder/_0}}]]
2025-02-20 11:25:19.375211: I tensorflow/core/common_runtime/executor.cc:1197] [/device:CPU:0] (DEBUG INFO) Executor start aborting (this does not indicate an error and you can ignore this message): INVALID_ARGUMENT: You must feed a value for placeholder tensor 'Placeholder/_0' with dtype string and shape [5]
	 [[{{node Placeholder/_0}}]]
2025-02-20 11:25:19.392784: I tensorflow/core/common_runtime/executor.cc:1197] [/device:CPU:0] (DEBUG INFO) Executor start aborting (this does not indicate an error and you can ignore this message): INVALID_ARGUMENT: You must feed a value for placeholder tensor 'Placeholder/_0' with dtype string and shape [5]
	 [[{{node Placeholder/_0}}]]
2025-02-20 11:25:19.393249: I tensorflow/core/common_runtime/executor.cc:1197] [/device:CPU:0] (DEBUG INFO) Executor start aborting (this does not indicate an error and you can ignore this message): INVALID_ARGUMENT: You must feed a value for placeholder tensor 'Placeholder/_0' with dtype string and shape [5]
	 [[{{node Placeholder/_0}}]]
2025-02-20 11:25:48.701346: I tensorflow/core/common_runtime/executor.cc:1197] [/device:CPU:0] (DEBUG INFO) Executor start aborting (this does not indicate an error and you can ignore this message): INVALID_ARGUMENT: You must feed a value for placeholder tensor 'Placeholder/_0' with dtype string and shape [5]
	 [[{{node Placeholder/_0}}]]
2025-02-20 11:25:48.701913: I tensorflow/core/common_runtime/executor.cc:1197] [/device:CPU:0] (DEBUG INFO) Executor start aborting (this does not indicate an error and you can ignore this message): INVALID_ARGUMENT: You must feed a value for placeholder tensor 'Placeholder/_0' with dtype string and shape [5]
	 [[{{node Placeholder/_0}}]]
srun: Job step aborted: Waiting up to 32 seconds for job step to finish.
slurmstepd: error: *** STEP 3450732.0 ON dl-0002 CANCELLED AT 2025-02-20T11:25:53 ***
slurmstepd: error: *** JOB 3450732 ON dl-0002 CANCELLED AT 2025-02-20T11:25:53 ***
