2025-02-20 11:21:18.977560: I tensorflow/core/platform/cpu_feature_guard.cc:182] This TensorFlow binary is optimized to use available CPU instructions in performance-critical operations.
To enable the following instructions: AVX2 AVX512F FMA, in other operations, rebuild TensorFlow with the appropriate compiler flags.
2025-02-20 11:21:19.878217: W tensorflow/compiler/tf2tensorrt/utils/py_utils.cc:38] TF-TRT Warning: Could not find TensorRT
2025-02-20 11:21:22.224494: I tensorflow/core/common_runtime/gpu/gpu_device.cc:1635] Created device /job:localhost/replica:0/task:0/device:GPU:0 with 14784 MB memory:  -> device: 0, name: Tesla V100-SXM2-16GB, pci bus id: 0000:61:00.0, compute capability: 7.0
2025-02-20 11:21:22.225123: I tensorflow/core/common_runtime/gpu/gpu_device.cc:1635] Created device /job:localhost/replica:0/task:0/device:GPU:1 with 14784 MB memory:  -> device: 1, name: Tesla V100-SXM2-16GB, pci bus id: 0000:62:00.0, compute capability: 7.0
2025-02-20 11:21:22.225648: I tensorflow/core/common_runtime/gpu/gpu_device.cc:1635] Created device /job:localhost/replica:0/task:0/device:GPU:2 with 14784 MB memory:  -> device: 2, name: Tesla V100-SXM2-16GB, pci bus id: 0000:89:00.0, compute capability: 7.0
2025-02-20 11:21:22.226155: I tensorflow/core/common_runtime/gpu/gpu_device.cc:1635] Created device /job:localhost/replica:0/task:0/device:GPU:3 with 14784 MB memory:  -> device: 3, name: Tesla V100-SXM2-16GB, pci bus id: 0000:8a:00.0, compute capability: 7.0
2025-02-20 11:21:24.101669: I tensorflow/tsl/profiler/lib/profiler_session.cc:104] Profiler session initializing.
2025-02-20 11:21:24.101699: I tensorflow/tsl/profiler/lib/profiler_session.cc:119] Profiler session started.
2025-02-20 11:21:24.101773: I tensorflow/compiler/xla/backends/profiler/gpu/cupti_tracer.cc:1679] Profiler found 4 GPUs
2025-02-20 11:21:24.170873: I tensorflow/tsl/profiler/lib/profiler_session.cc:131] Profiler session tear down.
2025-02-20 11:21:24.171001: I tensorflow/compiler/xla/backends/profiler/gpu/cupti_tracer.cc:1813] CUPTI activity buffer flushed
2025-02-20 11:21:24.200373: I tensorflow/core/common_runtime/executor.cc:1197] [/device:CPU:0] (DEBUG INFO) Executor start aborting (this does not indicate an error and you can ignore this message): INVALID_ARGUMENT: You must feed a value for placeholder tensor 'Placeholder/_0' with dtype string and shape [5]
	 [[{{node Placeholder/_0}}]]
2025-02-20 11:21:24.200838: I tensorflow/core/common_runtime/executor.cc:1197] [/device:CPU:0] (DEBUG INFO) Executor start aborting (this does not indicate an error and you can ignore this message): INVALID_ARGUMENT: You must feed a value for placeholder tensor 'Placeholder/_0' with dtype string and shape [5]
	 [[{{node Placeholder/_0}}]]
2025-02-20 11:21:24.233174: I tensorflow/core/common_runtime/executor.cc:1197] [/device:CPU:0] (DEBUG INFO) Executor start aborting (this does not indicate an error and you can ignore this message): INVALID_ARGUMENT: You must feed a value for placeholder tensor 'Placeholder/_0' with dtype string and shape [5]
	 [[{{node Placeholder/_0}}]]
2025-02-20 11:21:24.233644: I tensorflow/core/common_runtime/executor.cc:1197] [/device:CPU:0] (DEBUG INFO) Executor start aborting (this does not indicate an error and you can ignore this message): INVALID_ARGUMENT: You must feed a value for placeholder tensor 'Placeholder/_0' with dtype string and shape [5]
	 [[{{node Placeholder/_0}}]]
2025-02-20 11:21:55.861020: I tensorflow/compiler/xla/stream_executor/cuda/cuda_dnn.cc:424] Loaded cuDNN version 8902
2025-02-20 11:21:55.979802: I tensorflow/compiler/xla/stream_executor/cuda/cuda_dnn.cc:424] Loaded cuDNN version 8902
2025-02-20 11:21:56.045016: I tensorflow/compiler/xla/stream_executor/cuda/cuda_dnn.cc:424] Loaded cuDNN version 8902
2025-02-20 11:21:56.109414: I tensorflow/compiler/xla/stream_executor/cuda/cuda_dnn.cc:424] Loaded cuDNN version 8902
2025-02-20 11:21:58.577095: I tensorflow/compiler/xla/service/service.cc:169] XLA service 0x2abba8b80420 initialized for platform CUDA (this does not guarantee that XLA will be used). Devices:
2025-02-20 11:21:58.577135: I tensorflow/compiler/xla/service/service.cc:177]   StreamExecutor device (0): Tesla V100-SXM2-16GB, Compute Capability 7.0
2025-02-20 11:21:58.577142: I tensorflow/compiler/xla/service/service.cc:177]   StreamExecutor device (1): Tesla V100-SXM2-16GB, Compute Capability 7.0
2025-02-20 11:21:58.577148: I tensorflow/compiler/xla/service/service.cc:177]   StreamExecutor device (2): Tesla V100-SXM2-16GB, Compute Capability 7.0
2025-02-20 11:21:58.577154: I tensorflow/compiler/xla/service/service.cc:177]   StreamExecutor device (3): Tesla V100-SXM2-16GB, Compute Capability 7.0
2025-02-20 11:21:58.582645: I tensorflow/compiler/mlir/tensorflow/utils/dump_mlir_util.cc:269] disabling MLIR crash reproducer, set env var `MLIR_CRASH_REPRODUCER_DIRECTORY` to enable.
2025-02-20 11:21:58.883817: I ./tensorflow/compiler/jit/device_compiler.h:180] Compiled cluster using XLA!  This line is logged at most once for the lifetime of the process.
2025-02-20 11:22:50.721025: I tensorflow/core/common_runtime/executor.cc:1197] [/device:CPU:0] (DEBUG INFO) Executor start aborting (this does not indicate an error and you can ignore this message): INVALID_ARGUMENT: You must feed a value for placeholder tensor 'Placeholder/_0' with dtype string and shape [5]
	 [[{{node Placeholder/_0}}]]
2025-02-20 11:22:50.721496: I tensorflow/core/common_runtime/executor.cc:1197] [/device:CPU:0] (DEBUG INFO) Executor start aborting (this does not indicate an error and you can ignore this message): INVALID_ARGUMENT: You must feed a value for placeholder tensor 'Placeholder/_0' with dtype string and shape [5]
	 [[{{node Placeholder/_0}}]]
2025-02-20 11:22:50.739258: I tensorflow/core/common_runtime/executor.cc:1197] [/device:CPU:0] (DEBUG INFO) Executor start aborting (this does not indicate an error and you can ignore this message): INVALID_ARGUMENT: You must feed a value for placeholder tensor 'Placeholder/_0' with dtype string and shape [5]
	 [[{{node Placeholder/_0}}]]
2025-02-20 11:22:50.739722: I tensorflow/core/common_runtime/executor.cc:1197] [/device:CPU:0] (DEBUG INFO) Executor start aborting (this does not indicate an error and you can ignore this message): INVALID_ARGUMENT: You must feed a value for placeholder tensor 'Placeholder/_0' with dtype string and shape [5]
	 [[{{node Placeholder/_0}}]]
2025-02-20 11:23:20.471700: I tensorflow/core/common_runtime/executor.cc:1197] [/device:CPU:0] (DEBUG INFO) Executor start aborting (this does not indicate an error and you can ignore this message): INVALID_ARGUMENT: You must feed a value for placeholder tensor 'Placeholder/_0' with dtype string and shape [5]
	 [[{{node Placeholder/_0}}]]
2025-02-20 11:23:20.472373: I tensorflow/core/common_runtime/executor.cc:1197] [/device:CPU:0] (DEBUG INFO) Executor start aborting (this does not indicate an error and you can ignore this message): INVALID_ARGUMENT: You must feed a value for placeholder tensor 'Placeholder/_0' with dtype string and shape [5]
	 [[{{node Placeholder/_0}}]]
srun: Job step aborted: Waiting up to 32 seconds for job step to finish.
slurmstepd: error: *** STEP 3450703.0 ON dl-0002 CANCELLED AT 2025-02-20T11:23:24 ***
slurmstepd: error: *** JOB 3450703 ON dl-0002 CANCELLED AT 2025-02-20T11:23:24 ***
